# JRE version: Java(TM) SE Runtime Environment (8.0_131-b11) (build 1.8.0_131-b11)
# Java VM: Java HotSpot(TM) 64-Bit Server VM (25.131-b11 mixed mode windows-amd64 compressed oops)
Heap:
 PSYoungGen      total 227328K, used 172974K [0x0000000715e00000, 0x0000000727c00000, 0x00000007c0000000)
  eden space 205824K, 82% used [0x0000000715e00000,0x00000007204aeb90,0x0000000722700000)
  from space 21504K, 10% used [0x0000000722700000,0x000000072293d030,0x0000000723c00000)
  to   space 16384K, 0% used [0x0000000726c00000,0x0000000726c00000,0x0000000727c00000)
 ParOldGen       total 319488K, used 16444K [0x00000005c1a00000, 0x00000005d5200000, 0x0000000715e00000)
  object space 319488K, 5% used [0x00000005c1a00000,0x00000005c2a0f178,0x00000005d5200000)
 Metaspace       used 37565K, capacity 39896K, committed 40064K, reserved 1083392K
  class space    used 4981K, capacity 5430K, committed 5504K, reserved 1048576K
GC Heap History (10 events):
Event: 2.781 GC heap before
{Heap before GC invocations=3 (full 1):
 PSYoungGen      total 153088K, used 8256K [0x0000000715e00000, 0x0000000728900000, 0x00000007c0000000)
  eden space 131584K, 0% used [0x0000000715e00000,0x0000000715e00000,0x000000071de80000)
  from space 21504K, 38% used [0x000000071f380000,0x000000071fb90158,0x0000000720880000)
  to   space 21504K, 0% used [0x000000071de80000,0x000000071de80000,0x000000071f380000)
 ParOldGen       total 349696K, used 32K [0x00000005c1a00000, 0x00000005d6f80000, 0x0000000715e00000)
  object space 349696K, 0% used [0x00000005c1a00000,0x00000005c1a08000,0x00000005d6f80000)
 Metaspace       used 20375K, capacity 21240K, committed 21296K, reserved 1067008K
  class space    used 2752K, capacity 2942K, committed 2944K, reserved 1048576K
Event: 2.813 GC heap after
Heap after GC invocations=3 (full 1):
 PSYoungGen      total 153088K, used 0K [0x0000000715e00000, 0x0000000728900000, 0x00000007c0000000)
  eden space 131584K, 0% used [0x0000000715e00000,0x0000000715e00000,0x000000071de80000)
  from space 21504K, 0% used [0x000000071f380000,0x000000071f380000,0x0000000720880000)
  to   space 21504K, 0% used [0x000000071de80000,0x000000071de80000,0x000000071f380000)
 ParOldGen       total 188416K, used 7984K [0x00000005c1a00000, 0x00000005cd200000, 0x0000000715e00000)
  object space 188416K, 4% used [0x00000005c1a00000,0x00000005c21cc0b0,0x00000005cd200000)
 Metaspace       used 20375K, capacity 21240K, committed 21296K, reserved 1067008K
  class space    used 2752K, capacity 2942K, committed 2944K, reserved 1048576K
}
Event: 3.707 GC heap before
{Heap before GC invocations=4 (full 1):
 PSYoungGen      total 153088K, used 131584K [0x0000000715e00000, 0x0000000728900000, 0x00000007c0000000)
  eden space 131584K, 100% used [0x0000000715e00000,0x000000071de80000,0x000000071de80000)
  from space 21504K, 0% used [0x000000071f380000,0x000000071f380000,0x0000000720880000)
  to   space 21504K, 0% used [0x000000071de80000,0x000000071de80000,0x000000071f380000)
 ParOldGen       total 188416K, used 7984K [0x00000005c1a00000, 0x00000005cd200000, 0x0000000715e00000)
  object space 188416K, 4% used [0x00000005c1a00000,0x00000005c21cc0b0,0x00000005cd200000)
 Metaspace       used 28641K, capacity 30434K, committed 30720K, reserved 1075200K
  class space    used 3868K, capacity 4235K, committed 4352K, reserved 1048576K
Event: 3.713 GC heap after
Heap after GC invocations=4 (full 1):
 PSYoungGen      total 153088K, used 12479K [0x0000000715e00000, 0x0000000725280000, 0x00000007c0000000)
  eden space 131584K, 0% used [0x0000000715e00000,0x0000000715e00000,0x000000071de80000)
  from space 21504K, 58% used [0x000000071de80000,0x000000071eaafce0,0x000000071f380000)
  to   space 21504K, 0% used [0x0000000723d80000,0x0000000723d80000,0x0000000725280000)
 ParOldGen       total 188416K, used 7992K [0x00000005c1a00000, 0x00000005cd200000, 0x0000000715e00000)
  object space 188416K, 4% used [0x00000005c1a00000,0x00000005c21ce0b0,0x00000005cd200000)
 Metaspace       used 28641K, capacity 30434K, committed 30720K, reserved 1075200K
  class space    used 3868K, capacity 4235K, committed 4352K, reserved 1048576K
}
Event: 4.377 GC heap before
{Heap before GC invocations=5 (full 1):
 PSYoungGen      total 153088K, used 85500K [0x0000000715e00000, 0x0000000725280000, 0x00000007c0000000)
  eden space 131584K, 55% used [0x0000000715e00000,0x000000071a54f678,0x000000071de80000)
  from space 21504K, 58% used [0x000000071de80000,0x000000071eaafce0,0x000000071f380000)
  to   space 21504K, 0% used [0x0000000723d80000,0x0000000723d80000,0x0000000725280000)
 ParOldGen       total 188416K, used 7992K [0x00000005c1a00000, 0x00000005cd200000, 0x0000000715e00000)
  object space 188416K, 4% used [0x00000005c1a00000,0x00000005c21ce0b0,0x00000005cd200000)
 Metaspace       used 33204K, capacity 35424K, committed 35496K, reserved 1079296K
  class space    used 4439K, capacity 4843K, committed 4864K, reserved 1048576K
Event: 4.385 GC heap after
Heap after GC invocations=5 (full 1):
 PSYoungGen      total 225792K, used 11186K [0x0000000715e00000, 0x0000000725100000, 0x00000007c0000000)
  eden space 205824K, 0% used [0x0000000715e00000,0x0000000715e00000,0x0000000722700000)
  from space 19968K, 56% used [0x0000000723d80000,0x000000072486cbf0,0x0000000725100000)
  to   space 21504K, 0% used [0x0000000722700000,0x0000000722700000,0x0000000723c00000)
 ParOldGen       total 188416K, used 8000K [0x00000005c1a00000, 0x00000005cd200000, 0x0000000715e00000)
  object space 188416K, 4% used [0x00000005c1a00000,0x00000005c21d00b0,0x00000005cd200000)
 Metaspace       used 33204K, capacity 35424K, committed 35496K, reserved 1079296K
  class space    used 4439K, capacity 4843K, committed 4864K, reserved 1048576K
}
Event: 4.385 GC heap before
{Heap before GC invocations=6 (full 2):
 PSYoungGen      total 225792K, used 11186K [0x0000000715e00000, 0x0000000725100000, 0x00000007c0000000)
  eden space 205824K, 0% used [0x0000000715e00000,0x0000000715e00000,0x0000000722700000)
  from space 19968K, 56% used [0x0000000723d80000,0x000000072486cbf0,0x0000000725100000)
  to   space 21504K, 0% used [0x0000000722700000,0x0000000722700000,0x0000000723c00000)
 ParOldGen       total 188416K, used 8000K [0x00000005c1a00000, 0x00000005cd200000, 0x0000000715e00000)
  object space 188416K, 4% used [0x00000005c1a00000,0x00000005c21d00b0,0x00000005cd200000)
 Metaspace       used 33204K, capacity 35424K, committed 35496K, reserved 1079296K
  class space    used 4439K, capacity 4843K, committed 4864K, reserved 1048576K
Event: 4.465 GC heap after
Heap after GC invocations=6 (full 2):
 PSYoungGen      total 225792K, used 0K [0x0000000715e00000, 0x0000000725100000, 0x00000007c0000000)
  eden space 205824K, 0% used [0x0000000715e00000,0x0000000715e00000,0x0000000722700000)
  from space 19968K, 0% used [0x0000000723d80000,0x0000000723d80000,0x0000000725100000)
  to   space 21504K, 0% used [0x0000000722700000,0x0000000722700000,0x0000000723c00000)
 ParOldGen       total 319488K, used 16436K [0x00000005c1a00000, 0x00000005d5200000, 0x0000000715e00000)
  object space 319488K, 5% used [0x00000005c1a00000,0x00000005c2a0d178,0x00000005d5200000)
 Metaspace       used 33204K, capacity 35424K, committed 35496K, reserved 1079296K
  class space    used 4439K, capacity 4843K, committed 4864K, reserved 1048576K
}
Event: 39.830 GC heap before
{Heap before GC invocations=7 (full 2):
 PSYoungGen      total 225792K, used 205824K [0x0000000715e00000, 0x0000000725100000, 0x00000007c0000000)
  eden space 205824K, 100% used [0x0000000715e00000,0x0000000722700000,0x0000000722700000)
  from space 19968K, 0% used [0x0000000723d80000,0x0000000723d80000,0x0000000725100000)
  to   space 21504K, 0% used [0x0000000722700000,0x0000000722700000,0x0000000723c00000)
 ParOldGen       total 319488K, used 16436K [0x00000005c1a00000, 0x00000005d5200000, 0x0000000715e00000)
  object space 319488K, 5% used [0x00000005c1a00000,0x00000005c2a0d178,0x00000005d5200000)
 Metaspace       used 35741K, capacity 38084K, committed 38144K, reserved 1083392K
  class space    used 4703K, capacity 5106K, committed 5120K, reserved 1048576K
Event: 39.837 GC heap after
Heap after GC invocations=7 (full 2):
 PSYoungGen      total 227328K, used 2292K [0x0000000715e00000, 0x0000000727c00000, 0x00000007c0000000)
  eden space 205824K, 0% used [0x0000000715e00000,0x0000000715e00000,0x0000000722700000)
  from space 21504K, 10% used [0x0000000722700000,0x000000072293d030,0x0000000723c00000)
  to   space 16384K, 0% used [0x0000000726c00000,0x0000000726c00000,0x0000000727c00000)
 ParOldGen       total 319488K, used 16444K [0x00000005c1a00000, 0x00000005d5200000, 0x0000000715e00000)
  object space 319488K, 5% used [0x00000005c1a00000,0x00000005c2a0f178,0x00000005d5200000)
 Metaspace       used 35741K, capacity 38084K, committed 38144K, reserved 1083392K
  class space    used 4703K, capacity 5106K, committed 5120K, reserved 1048576K
}

